Using pre-set license
Built from '2020.3/release' branch; Version is '2020.3.7f1 (dd97f2c94397) revision 14522354'; Using compiler version '192528614'; Build Type 'Release'
OS: 'Windows 10 Pro; OS build 19042.928; Version 2009; 64bit' Language: 'pt' Physical Memory: 16259 MB
BatchMode: 1, IsHumanControllingUs: 0, StartBugReporterOnCrash: 0, Is64bit: 1, IsPro: 0

 COMMAND LINE ARGUMENTS:
C:\Program Files\Unity\Hub\Editor\2020.3.7f1\Editor\Unity.exe
-adb2
-batchMode
-noUpm
-name
AssetImportWorker2
-projectPath
C:/Users/jacks/Dropbox/Repositorios/Unity/Roll-a-Ball
-logFile
Logs/AssetImportWorker2.log
-srvPort
52772
Successfully changed project path to: C:/Users/jacks/Dropbox/Repositorios/Unity/Roll-a-Ball
C:/Users/jacks/Dropbox/Repositorios/Unity/Roll-a-Ball
Using Asset Import Pipeline V2.
Refreshing native plugins compatible for Editor in 466.27 ms, found 0 plugins.
Preloading 0 native plugins for Editor in 0.00 ms.
Initialize engine version: 2020.3.7f1 (dd97f2c94397)
[Subsystems] Discovering subsystems at path C:/Program Files/Unity/Hub/Editor/2020.3.7f1/Editor/Data/Resources/UnitySubsystems
[Subsystems] Discovering subsystems at path C:/Users/jacks/Dropbox/Repositorios/Unity/Roll-a-Ball/Assets
GfxDevice: creating device client; threaded=0
Direct3D:
    Version:  Direct3D 11.0 [level 11.1]
    Renderer: Intel(R) HD Graphics 5500 (ID=0x1616)
    Vendor:   
    VRAM:     8129 MB
    Driver:   20.19.15.5126
Initialize mono
Mono path[0] = 'C:/Program Files/Unity/Hub/Editor/2020.3.7f1/Editor/Data/Managed'
Mono path[1] = 'C:/Program Files/Unity/Hub/Editor/2020.3.7f1/Editor/Data/MonoBleedingEdge/lib/mono/unityjit'
Mono config path = 'C:/Program Files/Unity/Hub/Editor/2020.3.7f1/Editor/Data/MonoBleedingEdge/etc'
Using monoOptions --debugger-agent=transport=dt_socket,embedding=1,server=y,suspend=n,address=127.0.0.1:56888
Begin MonoManager ReloadAssembly
Registering precompiled unity dll's ...
Register platform support module: C:/Program Files/Unity/Hub/Editor/2020.3.7f1/Editor/Data/PlaybackEngines/WindowsStandaloneSupport/UnityEditor.WindowsStandalone.Extensions.dll
Registered in 0.017945 seconds.
Native extension for WindowsStandalone target not found
Refreshing native plugins compatible for Editor in 314.98 ms, found 0 plugins.
Preloading 0 native plugins for Editor in 0.00 ms.
Mono: successfully reloaded assembly
- Completed reload, in  7.322 seconds
Platform modules already initialized, skipping
Registering precompiled user dll's ...
Registered in 0.006642 seconds.
Begin MonoManager ReloadAssembly
Native extension for WindowsStandalone target not found
Refreshing native plugins compatible for Editor in 264.61 ms, found 0 plugins.
Preloading 0 native plugins for Editor in 0.00 ms.
Mono: successfully reloaded assembly
- Completed reload, in  7.346 seconds
Platform modules already initialized, skipping
========================================================================
Worker process is ready to serve import requests
Shader 'Universal Render Pipeline/Particles/Lit': fallback shader 'Universal Render Pipeline/Particles/SimpleLit' not found
Shader 'Universal Render Pipeline/Particles/Lit': fallback shader 'Universal Render Pipeline/Particles/SimpleLit' not found
Launched and connected shader compiler UnityShaderCompiler.exe after 0.13 seconds
Refreshing native plugins compatible for Editor in 1.93 ms, found 0 plugins.
Preloading 0 native plugins for Editor in 0.00 ms.
Unloading 2720 Unused Serialized files (Serialized files now loaded: 0)
System memory in use before: 124.8 MB.
System memory in use after: 122.0 MB.

Unloading 47 unused Assets to reduce memory usage. Loaded Objects now: 3128.
Total: 46.013400 ms (FindLiveObjects: 2.240900 ms CreateObjectMapping: 2.022100 ms MarkObjects: 23.226300 ms  DeleteObjects: 18.520200 ms)

========================================================================
Received Import Request.
  path: Assets/Scripts/Rotator.cs
  artifactKey: Guid(98b5ebe81f1a0a549afbb7a38500e1d7) Importer(815301076,1909f56bfc062723c751e8b465ee728b)
Start importing Assets/Scripts/Rotator.cs using Guid(98b5ebe81f1a0a549afbb7a38500e1d7) Importer(815301076,1909f56bfc062723c751e8b465ee728b)  -> (artifact id: '810adaa0d77159d52b1c6be81165518a') in 0.081719 seconds
  Import took 0.100765 seconds .

========================================================================
Received Import Request.
  Time since last request: 68.172402 seconds.
  path: Assets/Materials/PickUp.mat
  artifactKey: Guid(0c2b4cb623974d74d9bdb35b11b2153b) Importer(815301076,1909f56bfc062723c751e8b465ee728b)
Start importing Assets/Materials/PickUp.mat using Guid(0c2b4cb623974d74d9bdb35b11b2153b) Importer(815301076,1909f56bfc062723c751e8b465ee728b)  -> (artifact id: '97705a7953401e2ced0e12f730eb58cd') in 1.727401 seconds
  Import took 1.818454 seconds .

========================================================================
Received Prepare
Registering precompiled user dll's ...
Registered in 0.086790 seconds.
Begin MonoManager ReloadAssembly
Native extension for WindowsStandalone target not found
Refreshing native plugins compatible for Editor in 1.15 ms, found 0 plugins.
Preloading 0 native plugins for Editor in 0.00 ms.
Mono: successfully reloaded assembly
- Completed reload, in 12.377 seconds
Platform modules already initialized, skipping
Shader 'Universal Render Pipeline/Particles/Lit': fallback shader 'Universal Render Pipeline/Particles/SimpleLit' not found
Shader 'Universal Render Pipeline/Particles/Lit': fallback shader 'Universal Render Pipeline/Particles/SimpleLit' not found
Refreshing native plugins compatible for Editor in 10.19 ms, found 0 plugins.
Preloading 0 native plugins for Editor in 0.00 ms.
Unloading 2645 Unused Serialized files (Serialized files now loaded: 0)
System memory in use before: 126.7 MB.
System memory in use after: 123.9 MB.

Unloading 40 unused Assets to reduce memory usage. Loaded Objects now: 3209.
Total: 30.033800 ms (FindLiveObjects: 7.993900 ms CreateObjectMapping: 0.840600 ms MarkObjects: 6.317800 ms  DeleteObjects: 14.878400 ms)

========================================================================
Received Import Request.
  Time since last request: 111.307529 seconds.
  path: Assets/Prefabs/PickUp.prefab
  artifactKey: Guid(d255c0c2c6463b448b6256caf56b2c60) Importer(815301076,1909f56bfc062723c751e8b465ee728b)
Start importing Assets/Prefabs/PickUp.prefab using Guid(d255c0c2c6463b448b6256caf56b2c60) Importer(815301076,1909f56bfc062723c751e8b465ee728b)  -> (artifact id: 'f266452934f606831a0c2ce3f5a5b5b9') in 3.479150 seconds
  Import took 3.564402 seconds .

========================================================================
Received Import Request.
  Time since last request: 943.510134 seconds.
  path: Assets/Scripts/PlayerController.cs
  artifactKey: Guid(e0935885baa7267419f9d433916daeed) Importer(815301076,1909f56bfc062723c751e8b465ee728b)
Start importing Assets/Scripts/PlayerController.cs using Guid(e0935885baa7267419f9d433916daeed) Importer(815301076,1909f56bfc062723c751e8b465ee728b)  -> (artifact id: '4b7168dd34cf980dc9325de3b14870cf') in 0.183387 seconds
  Import took 0.302235 seconds .

========================================================================
Received Import Request.
  Time since last request: 248.352549 seconds.
  path: Assets/Prefabs
  artifactKey: Guid(8881e5f61eb23c74a9488560a586d897) Importer(815301076,1909f56bfc062723c751e8b465ee728b)
Start importing Assets/Prefabs using Guid(8881e5f61eb23c74a9488560a586d897) Importer(815301076,1909f56bfc062723c751e8b465ee728b)  -> (artifact id: '4442f2e2d40bf348fc40e25718f7b233') in 0.065940 seconds
  Import took 0.117611 seconds .

========================================================================
Received Import Request.
  Time since last request: 28.011350 seconds.
  path: ProjectSettings/TagManager.asset
  artifactKey: Guid(00000000000000003000000000000000) Importer(815301076,1909f56bfc062723c751e8b465ee728b)
Start importing ProjectSettings/TagManager.asset using Guid(00000000000000003000000000000000) Importer(815301076,1909f56bfc062723c751e8b465ee728b)  -> (artifact id: '3486cf6564f6cc07ede57f02e2db3387') in 0.151179 seconds
  Import took 0.181938 seconds .

========================================================================
Received Import Request.
  Time since last request: 54.589323 seconds.
  path: Assets/Prefabs/PickUp.prefab
  artifactKey: Guid(d255c0c2c6463b448b6256caf56b2c60) Importer(815301076,1909f56bfc062723c751e8b465ee728b)
Start importing Assets/Prefabs/PickUp.prefab using Guid(d255c0c2c6463b448b6256caf56b2c60) Importer(815301076,1909f56bfc062723c751e8b465ee728b)  -> (artifact id: '960eb17882f00258886afcad68d105fa') in 0.433269 seconds
  Import took 0.499592 seconds .

========================================================================
Received Import Request.
  Time since last request: 35.745042 seconds.
  path: Assets/Scripts/PlayerController.cs
  artifactKey: Guid(e0935885baa7267419f9d433916daeed) Importer(815301076,1909f56bfc062723c751e8b465ee728b)
Start importing Assets/Scripts/PlayerController.cs using Guid(e0935885baa7267419f9d433916daeed) Importer(815301076,1909f56bfc062723c751e8b465ee728b)  -> (artifact id: 'e4a3a1f18d5a69246981fbcd7a931260') in 0.083318 seconds
  Import took 0.247325 seconds .

========================================================================
Received Prepare
Registering precompiled user dll's ...
Registered in 0.002818 seconds.
Begin MonoManager ReloadAssembly
Native extension for WindowsStandalone target not found
Refreshing native plugins compatible for Editor in 0.94 ms, found 0 plugins.
Preloading 0 native plugins for Editor in 0.00 ms.
Mono: successfully reloaded assembly
- Completed reload, in 12.442 seconds
Platform modules already initialized, skipping
Shader 'Universal Render Pipeline/Particles/Lit': fallback shader 'Universal Render Pipeline/Particles/SimpleLit' not found
Shader 'Universal Render Pipeline/Particles/Lit': fallback shader 'Universal Render Pipeline/Particles/SimpleLit' not found
Refreshing native plugins compatible for Editor in 1.49 ms, found 0 plugins.
Preloading 0 native plugins for Editor in 0.00 ms.
Unloading 2645 Unused Serialized files (Serialized files now loaded: 0)
System memory in use before: 127.0 MB.
System memory in use after: 124.2 MB.

Unloading 41 unused Assets to reduce memory usage. Loaded Objects now: 3249.
Total: 67.603600 ms (FindLiveObjects: 0.800600 ms CreateObjectMapping: 0.361000 ms MarkObjects: 18.407000 ms  DeleteObjects: 48.030200 ms)

========================================================================
Received Import Request.
  Time since last request: 420.274548 seconds.
  path: Assets/Prefabs/PickUp.prefab
  artifactKey: Guid(d255c0c2c6463b448b6256caf56b2c60) Importer(815301076,1909f56bfc062723c751e8b465ee728b)
Start importing Assets/Prefabs/PickUp.prefab using Guid(d255c0c2c6463b448b6256caf56b2c60) Importer(815301076,1909f56bfc062723c751e8b465ee728b)  -> (artifact id: '411c798b5dfc758707098f3dfbabf773') in 4.344330 seconds
  Import took 4.385359 seconds .

========================================================================
Received Import Request.
  Time since last request: 13.337328 seconds.
  path: Assets/Prefabs/PickUp.prefab
  artifactKey: Guid(d255c0c2c6463b448b6256caf56b2c60) Importer(815301076,1909f56bfc062723c751e8b465ee728b)
Start importing Assets/Prefabs/PickUp.prefab using Guid(d255c0c2c6463b448b6256caf56b2c60) Importer(815301076,1909f56bfc062723c751e8b465ee728b)  -> (artifact id: '6533eecc1c95dac148b1cf868064f7a2') in 0.217218 seconds
  Import took 0.280923 seconds .

========================================================================
Received Import Request.
  Time since last request: 43.940049 seconds.
  path: Assets/Prefabs/PickUp.prefab
  artifactKey: Guid(d255c0c2c6463b448b6256caf56b2c60) Importer(815301076,1909f56bfc062723c751e8b465ee728b)
Start importing Assets/Prefabs/PickUp.prefab using Guid(d255c0c2c6463b448b6256caf56b2c60) Importer(815301076,1909f56bfc062723c751e8b465ee728b)  -> (artifact id: '18ab853ec8bb3227de71b028e29b9780') in 0.166241 seconds
  Import took 0.283475 seconds .

========================================================================
Received Import Request.
  Time since last request: 5.201420 seconds.
  path: Assets/Prefabs/PickUp.prefab
  artifactKey: Guid(d255c0c2c6463b448b6256caf56b2c60) Importer(815301076,1909f56bfc062723c751e8b465ee728b)
Start importing Assets/Prefabs/PickUp.prefab using Guid(d255c0c2c6463b448b6256caf56b2c60) Importer(815301076,1909f56bfc062723c751e8b465ee728b)  -> (artifact id: '5b35914c5ea45b7640e12e7bb61a5c5e') in 0.641039 seconds
  Import took 0.855312 seconds .

========================================================================
Received Prepare
Registering precompiled user dll's ...
Registered in 0.012677 seconds.
Begin MonoManager ReloadAssembly
Native extension for WindowsStandalone target not found
Refreshing native plugins compatible for Editor in 0.84 ms, found 0 plugins.
Preloading 0 native plugins for Editor in 0.00 ms.
Mono: successfully reloaded assembly
- Completed reload, in  5.412 seconds
Platform modules already initialized, skipping
Shader 'Universal Render Pipeline/Particles/Lit': fallback shader 'Universal Render Pipeline/Particles/SimpleLit' not found
Shader 'Universal Render Pipeline/Particles/Lit': fallback shader 'Universal Render Pipeline/Particles/SimpleLit' not found
Refreshing native plugins compatible for Editor in 1.20 ms, found 0 plugins.
Preloading 0 native plugins for Editor in 0.00 ms.
Unloading 2645 Unused Serialized files (Serialized files now loaded: 0)
System memory in use before: 127.1 MB.
System memory in use after: 124.4 MB.

Unloading 40 unused Assets to reduce memory usage. Loaded Objects now: 3288.
Total: 13.249300 ms (FindLiveObjects: 2.328900 ms CreateObjectMapping: 1.058000 ms MarkObjects: 5.477000 ms  DeleteObjects: 4.382200 ms)

========================================================================
Received Import Request.
  Time since last request: 868.316785 seconds.
  path: Assets/Scripts/PlayerController.cs
  artifactKey: Guid(e0935885baa7267419f9d433916daeed) Importer(815301076,1909f56bfc062723c751e8b465ee728b)
Start importing Assets/Scripts/PlayerController.cs using Guid(e0935885baa7267419f9d433916daeed) Importer(815301076,1909f56bfc062723c751e8b465ee728b)  -> (artifact id: 'a0bbcf8ce9306e1f19a5aa0dbb8d962b') in 0.410299 seconds
  Import took 0.503392 seconds .

========================================================================
Received Import Request.
  Time since last request: 207.419288 seconds.
  path: Assets/Scripts/PlayerController.cs
  artifactKey: Guid(e0935885baa7267419f9d433916daeed) Importer(815301076,1909f56bfc062723c751e8b465ee728b)
Start importing Assets/Scripts/PlayerController.cs using Guid(e0935885baa7267419f9d433916daeed) Importer(815301076,1909f56bfc062723c751e8b465ee728b)  -> (artifact id: 'fba248596dfe2ba345f7a9dc48bcb758') in 0.041917 seconds
  Import took 0.056651 seconds .

AssetImportWorkerClient::OnTransportError - code=2 error=End of file
