Using pre-set license
Built from '2020.3/staging' branch; Version is '2020.3.6f1 (338bb68529b2) revision 3378102'; Using compiler version '192528614'; Build Type 'Release'
OS: 'Windows 10 Pro; OS build 19042.928; Version 2009; 64bit' Language: 'pt' Physical Memory: 16335 MB
BatchMode: 1, IsHumanControllingUs: 0, StartBugReporterOnCrash: 0, Is64bit: 1, IsPro: 0

 COMMAND LINE ARGUMENTS:
C:\Program Files\Unity\Hub\Editor\2020.3.6f1\Editor\Unity.exe
-adb2
-batchMode
-noUpm
-name
AssetImportWorker0
-projectPath
C:/Users/carli/Documents/GitHub/TM-2021/Unity_Aula 1/TM2021_First_Project
-logFile
Logs/AssetImportWorker0.log
-srvPort
58143
Successfully changed project path to: C:/Users/carli/Documents/GitHub/TM-2021/Unity_Aula 1/TM2021_First_Project
C:/Users/carli/Documents/GitHub/TM-2021/Unity_Aula 1/TM2021_First_Project
Using Asset Import Pipeline V2.
Refreshing native plugins compatible for Editor in 34.58 ms, found 0 plugins.
Preloading 0 native plugins for Editor in 0.00 ms.
Initialize engine version: 2020.3.6f1 (338bb68529b2)
[Subsystems] Discovering subsystems at path C:/Program Files/Unity/Hub/Editor/2020.3.6f1/Editor/Data/Resources/UnitySubsystems
[Subsystems] Discovering subsystems at path C:/Users/carli/Documents/GitHub/TM-2021/Unity_Aula 1/TM2021_First_Project/Assets
GfxDevice: creating device client; threaded=0
Direct3D:
    Version:  Direct3D 11.0 [level 11.1]
    Renderer: NVIDIA GeForce GTX 1070 (ID=0x1b81)
    Vendor:   
    VRAM:     8088 MB
    Driver:   27.21.14.6627
Initialize mono
Mono path[0] = 'C:/Program Files/Unity/Hub/Editor/2020.3.6f1/Editor/Data/Managed'
Mono path[1] = 'C:/Program Files/Unity/Hub/Editor/2020.3.6f1/Editor/Data/MonoBleedingEdge/lib/mono/unityjit'
Mono config path = 'C:/Program Files/Unity/Hub/Editor/2020.3.6f1/Editor/Data/MonoBleedingEdge/etc'
Using monoOptions --debugger-agent=transport=dt_socket,embedding=1,server=y,suspend=n,address=127.0.0.1:56212
Begin MonoManager ReloadAssembly
Registering precompiled unity dll's ...
Register platform support module: C:/Program Files/Unity/Hub/Editor/2020.3.6f1/Editor/Data/PlaybackEngines/WebGLSupport/UnityEditor.WebGL.Extensions.dll
Register platform support module: C:/Program Files/Unity/Hub/Editor/2020.3.6f1/Editor/Data/PlaybackEngines/WindowsStandaloneSupport/UnityEditor.WindowsStandalone.Extensions.dll
Registered in 0.004868 seconds.
Native extension for WindowsStandalone target not found
Native extension for WebGL target not found
Refreshing native plugins compatible for Editor in 34.11 ms, found 0 plugins.
Preloading 0 native plugins for Editor in 0.00 ms.
Mono: successfully reloaded assembly
- Completed reload, in  1.515 seconds
Platform modules already initialized, skipping
Registering precompiled user dll's ...
Registered in 0.001166 seconds.
Begin MonoManager ReloadAssembly
Native extension for WindowsStandalone target not found
Native extension for WebGL target not found
Refreshing native plugins compatible for Editor in 33.44 ms, found 0 plugins.
Preloading 0 native plugins for Editor in 0.00 ms.
Mono: successfully reloaded assembly
- Completed reload, in  1.156 seconds
Platform modules already initialized, skipping
========================================================================
Worker process is ready to serve import requests
Launched and connected shader compiler UnityShaderCompiler.exe after 0.06 seconds
Refreshing native plugins compatible for Editor in 0.28 ms, found 0 plugins.
Preloading 0 native plugins for Editor in 0.00 ms.
Unloading 1414 Unused Serialized files (Serialized files now loaded: 0)
System memory in use before: 67.3 MB.
System memory in use after: 67.4 MB.

Unloading 11 unused Assets to reduce memory usage. Loaded Objects now: 1859.
Total: 2.060700 ms (FindLiveObjects: 0.188700 ms CreateObjectMapping: 0.041000 ms MarkObjects: 1.767300 ms  DeleteObjects: 0.062400 ms)

========================================================================
Received Import Request.
  path: Assets/Scripts/Rotator.cs
  artifactKey: Guid(81771d41ad96d0743a660de82d6d5402) Importer(815301076,1909f56bfc062723c751e8b465ee728b)
Start importing Assets/Scripts/Rotator.cs using Guid(81771d41ad96d0743a660de82d6d5402) Importer(815301076,1909f56bfc062723c751e8b465ee728b)  -> (artifact id: '9fd8789daa36d836d9693b8a7bd6aaec') in 0.034497 seconds
  Import took 0.037028 seconds .

========================================================================
Received Prepare
Registering precompiled user dll's ...
Registered in 0.001111 seconds.
Begin MonoManager ReloadAssembly
Native extension for WindowsStandalone target not found
Native extension for WebGL target not found
Refreshing native plugins compatible for Editor in 0.28 ms, found 0 plugins.
Preloading 0 native plugins for Editor in 0.00 ms.
Mono: successfully reloaded assembly
- Completed reload, in  1.006 seconds
Platform modules already initialized, skipping
Refreshing native plugins compatible for Editor in 0.28 ms, found 0 plugins.
Preloading 0 native plugins for Editor in 0.00 ms.
Unloading 1408 Unused Serialized files (Serialized files now loaded: 0)
System memory in use before: 67.3 MB.
System memory in use after: 67.4 MB.

Unloading 4 unused Assets to reduce memory usage. Loaded Objects now: 1862.
Total: 1.954900 ms (FindLiveObjects: 0.182100 ms CreateObjectMapping: 0.038500 ms MarkObjects: 1.714800 ms  DeleteObjects: 0.018000 ms)

========================================================================
Received Prepare
Registering precompiled user dll's ...
Registered in 0.001125 seconds.
Begin MonoManager ReloadAssembly
Native extension for WindowsStandalone target not found
Native extension for WebGL target not found
Refreshing native plugins compatible for Editor in 0.28 ms, found 0 plugins.
Preloading 0 native plugins for Editor in 0.00 ms.
Mono: successfully reloaded assembly
- Completed reload, in  1.017 seconds
Platform modules already initialized, skipping
Refreshing native plugins compatible for Editor in 0.28 ms, found 0 plugins.
Preloading 0 native plugins for Editor in 0.00 ms.
Unloading 1408 Unused Serialized files (Serialized files now loaded: 0)
System memory in use before: 67.4 MB.
System memory in use after: 67.5 MB.

Unloading 4 unused Assets to reduce memory usage. Loaded Objects now: 1865.
Total: 2.166900 ms (FindLiveObjects: 0.157700 ms CreateObjectMapping: 0.037700 ms MarkObjects: 1.946000 ms  DeleteObjects: 0.023900 ms)

========================================================================
Received Prepare
Registering precompiled user dll's ...
Registered in 0.001157 seconds.
Begin MonoManager ReloadAssembly
Native extension for WindowsStandalone target not found
Native extension for WebGL target not found
Refreshing native plugins compatible for Editor in 0.28 ms, found 0 plugins.
Preloading 0 native plugins for Editor in 0.00 ms.
Mono: successfully reloaded assembly
- Completed reload, in  1.069 seconds
Platform modules already initialized, skipping
Refreshing native plugins compatible for Editor in 0.28 ms, found 0 plugins.
Preloading 0 native plugins for Editor in 0.00 ms.
Unloading 1408 Unused Serialized files (Serialized files now loaded: 0)
System memory in use before: 67.4 MB.
System memory in use after: 67.5 MB.

Unloading 4 unused Assets to reduce memory usage. Loaded Objects now: 1868.
Total: 1.934800 ms (FindLiveObjects: 0.181600 ms CreateObjectMapping: 0.045300 ms MarkObjects: 1.693400 ms  DeleteObjects: 0.013100 ms)

========================================================================
Received Import Request.
  Time since last request: 263.483695 seconds.
  path: Assets/Prefabs
  artifactKey: Guid(3781f8dbf44f61940a2f9afaac23c8b3) Importer(815301076,1909f56bfc062723c751e8b465ee728b)
Start importing Assets/Prefabs using Guid(3781f8dbf44f61940a2f9afaac23c8b3) Importer(815301076,1909f56bfc062723c751e8b465ee728b)  -> (artifact id: '01aeaa7ca2cfc1ac8dc85fb49cb87fb4') in 0.007344 seconds
  Import took 0.010114 seconds .

========================================================================
Received Import Request.
  Time since last request: 3.853457 seconds.
  path: Assets/Prefabs/Pickup.prefab
  artifactKey: Guid(f21d2b7af27e8d54baee60c9497bbacc) Importer(815301076,1909f56bfc062723c751e8b465ee728b)
Start importing Assets/Prefabs/Pickup.prefab using Guid(f21d2b7af27e8d54baee60c9497bbacc) Importer(815301076,1909f56bfc062723c751e8b465ee728b)  -> (artifact id: 'b4a6aacfba898b596c8fd5115ebafcef') in 0.100517 seconds
  Import took 0.103134 seconds .

========================================================================
Received Prepare
Registering precompiled user dll's ...
Registered in 0.001121 seconds.
Begin MonoManager ReloadAssembly
Native extension for WindowsStandalone target not found
Native extension for WebGL target not found
Refreshing native plugins compatible for Editor in 0.39 ms, found 0 plugins.
Preloading 0 native plugins for Editor in 0.00 ms.
Mono: successfully reloaded assembly
- Completed reload, in  1.017 seconds
Platform modules already initialized, skipping
Refreshing native plugins compatible for Editor in 0.27 ms, found 0 plugins.
Preloading 0 native plugins for Editor in 0.00 ms.
Unloading 1408 Unused Serialized files (Serialized files now loaded: 0)
System memory in use before: 70.5 MB.
System memory in use after: 70.6 MB.

Unloading 4 unused Assets to reduce memory usage. Loaded Objects now: 1879.
Total: 1.990400 ms (FindLiveObjects: 0.175600 ms CreateObjectMapping: 0.043000 ms MarkObjects: 1.757100 ms  DeleteObjects: 0.013200 ms)

========================================================================
Received Import Request.
  Time since last request: 617.148427 seconds.
  path: ProjectSettings/TagManager.asset
  artifactKey: Guid(00000000000000003000000000000000) Importer(815301076,1909f56bfc062723c751e8b465ee728b)
Start importing ProjectSettings/TagManager.asset using Guid(00000000000000003000000000000000) Importer(815301076,1909f56bfc062723c751e8b465ee728b)  -> (artifact id: '7960a73919d8baa12bca0e2fc225c862') in 0.017632 seconds
  Import took 0.020619 seconds .

========================================================================
Received Import Request.
  Time since last request: 50.268457 seconds.
  path: Assets/Prefabs/Pickup.prefab
  artifactKey: Guid(f21d2b7af27e8d54baee60c9497bbacc) Importer(815301076,1909f56bfc062723c751e8b465ee728b)
Start importing Assets/Prefabs/Pickup.prefab using Guid(f21d2b7af27e8d54baee60c9497bbacc) Importer(815301076,1909f56bfc062723c751e8b465ee728b)  -> (artifact id: '60ee34bc6e21a7c420c437e12fc61f5e') in 0.058187 seconds
  Import took 0.060872 seconds .

========================================================================
Received Prepare
Registering precompiled user dll's ...
Registered in 0.001148 seconds.
Begin MonoManager ReloadAssembly
Native extension for WindowsStandalone target not found
Native extension for WebGL target not found
Refreshing native plugins compatible for Editor in 0.55 ms, found 0 plugins.
Preloading 0 native plugins for Editor in 0.00 ms.
Mono: successfully reloaded assembly
- Completed reload, in  1.042 seconds
Platform modules already initialized, skipping
Refreshing native plugins compatible for Editor in 0.35 ms, found 0 plugins.
Preloading 0 native plugins for Editor in 0.00 ms.
Unloading 1408 Unused Serialized files (Serialized files now loaded: 0)
System memory in use before: 70.5 MB.
System memory in use after: 70.6 MB.

Unloading 5 unused Assets to reduce memory usage. Loaded Objects now: 1883.
Total: 2.394900 ms (FindLiveObjects: 0.218100 ms CreateObjectMapping: 0.039400 ms MarkObjects: 2.118600 ms  DeleteObjects: 0.016700 ms)

========================================================================
Received Prepare
Registering precompiled user dll's ...
Registered in 0.001709 seconds.
Begin MonoManager ReloadAssembly
Native extension for WindowsStandalone target not found
Native extension for WebGL target not found
Refreshing native plugins compatible for Editor in 0.33 ms, found 0 plugins.
Preloading 0 native plugins for Editor in 0.00 ms.
Mono: successfully reloaded assembly
- Completed reload, in  1.038 seconds
Platform modules already initialized, skipping
Refreshing native plugins compatible for Editor in 0.28 ms, found 0 plugins.
Preloading 0 native plugins for Editor in 0.00 ms.
Unloading 1408 Unused Serialized files (Serialized files now loaded: 0)
System memory in use before: 70.5 MB.
System memory in use after: 70.6 MB.

Unloading 4 unused Assets to reduce memory usage. Loaded Objects now: 1886.
Total: 2.220000 ms (FindLiveObjects: 0.229200 ms CreateObjectMapping: 0.047200 ms MarkObjects: 1.928100 ms  DeleteObjects: 0.014300 ms)

========================================================================
Received Import Request.
  Time since last request: 254.034988 seconds.
  path: Assets/Prefabs/Pickup.prefab
  artifactKey: Guid(f21d2b7af27e8d54baee60c9497bbacc) Importer(815301076,1909f56bfc062723c751e8b465ee728b)
Start importing Assets/Prefabs/Pickup.prefab using Guid(f21d2b7af27e8d54baee60c9497bbacc) Importer(815301076,1909f56bfc062723c751e8b465ee728b)  -> (artifact id: '3eaaf5a0d4f27dbfac4028e4861cad18') in 0.063306 seconds
  Import took 0.066240 seconds .

========================================================================
Received Prepare
Registering precompiled user dll's ...
Registered in 0.001297 seconds.
Begin MonoManager ReloadAssembly
Native extension for WindowsStandalone target not found
Native extension for WebGL target not found
Refreshing native plugins compatible for Editor in 0.29 ms, found 0 plugins.
Preloading 0 native plugins for Editor in 0.00 ms.
Mono: successfully reloaded assembly
- Completed reload, in  1.143 seconds
Platform modules already initialized, skipping
Refreshing native plugins compatible for Editor in 0.29 ms, found 0 plugins.
Preloading 0 native plugins for Editor in 0.00 ms.
Unloading 1408 Unused Serialized files (Serialized files now loaded: 0)
System memory in use before: 70.5 MB.
System memory in use after: 70.7 MB.

Unloading 4 unused Assets to reduce memory usage. Loaded Objects now: 1890.
Total: 1.984900 ms (FindLiveObjects: 0.171600 ms CreateObjectMapping: 0.037400 ms MarkObjects: 1.761100 ms  DeleteObjects: 0.013500 ms)

========================================================================
Received Import Request.
  Time since last request: 89.982601 seconds.
  path: Assets/Prefabs/Pickup.prefab
  artifactKey: Guid(f21d2b7af27e8d54baee60c9497bbacc) Importer(815301076,1909f56bfc062723c751e8b465ee728b)
Start importing Assets/Prefabs/Pickup.prefab using Guid(f21d2b7af27e8d54baee60c9497bbacc) Importer(815301076,1909f56bfc062723c751e8b465ee728b)  -> (artifact id: 'a8b5a7f6f86b5a5e97b5496c82cf2aea') in 0.065180 seconds
  Import took 0.068092 seconds .

========================================================================
Received Import Request.
  Time since last request: 24.223888 seconds.
  path: Assets/Prefabs/Pickup.prefab
  artifactKey: Guid(f21d2b7af27e8d54baee60c9497bbacc) Importer(815301076,1909f56bfc062723c751e8b465ee728b)
Start importing Assets/Prefabs/Pickup.prefab using Guid(f21d2b7af27e8d54baee60c9497bbacc) Importer(815301076,1909f56bfc062723c751e8b465ee728b)  -> (artifact id: '0b69a5cef05b9ef6f795f1ca140509ee') in 0.012459 seconds
  Import took 0.015362 seconds .

========================================================================
Received Import Request.
  Time since last request: 19.953276 seconds.
  path: Assets/Prefabs/Pickup.prefab
  artifactKey: Guid(f21d2b7af27e8d54baee60c9497bbacc) Importer(815301076,1909f56bfc062723c751e8b465ee728b)
Start importing Assets/Prefabs/Pickup.prefab using Guid(f21d2b7af27e8d54baee60c9497bbacc) Importer(815301076,1909f56bfc062723c751e8b465ee728b)  -> (artifact id: '0ec8d90d1d8f0c2f1abe706b1aaa581c') in 0.012394 seconds
  Import took 0.015091 seconds .

========================================================================
Received Prepare
Registering precompiled user dll's ...
Registered in 0.001223 seconds.
Begin MonoManager ReloadAssembly
Native extension for WindowsStandalone target not found
Native extension for WebGL target not found
Refreshing native plugins compatible for Editor in 0.40 ms, found 0 plugins.
Preloading 0 native plugins for Editor in 0.00 ms.
Mono: successfully reloaded assembly
- Completed reload, in  1.003 seconds
Platform modules already initialized, skipping
Refreshing native plugins compatible for Editor in 0.27 ms, found 0 plugins.
Preloading 0 native plugins for Editor in 0.00 ms.
Unloading 1408 Unused Serialized files (Serialized files now loaded: 0)
System memory in use before: 70.6 MB.
System memory in use after: 70.7 MB.

Unloading 4 unused Assets to reduce memory usage. Loaded Objects now: 1894.
Total: 1.878500 ms (FindLiveObjects: 0.167200 ms CreateObjectMapping: 0.037000 ms MarkObjects: 1.661000 ms  DeleteObjects: 0.012300 ms)

========================================================================
Received Import Request.
  Time since last request: 113.970100 seconds.
  path: Assets/Scripts/PlayerController.cs
  artifactKey: Guid(de75a742b0b4f8044bedc84906bb7d06) Importer(815301076,1909f56bfc062723c751e8b465ee728b)
Start importing Assets/Scripts/PlayerController.cs using Guid(de75a742b0b4f8044bedc84906bb7d06) Importer(815301076,1909f56bfc062723c751e8b465ee728b)  -> (artifact id: '341e54407494a741e0bf33428e917ab9') in 0.006841 seconds
  Import took 0.009577 seconds .

========================================================================
Received Import Request.
  Time since last request: 0.000623 seconds.
  path: Assets/Scripts/PlayerController.cs
  artifactKey: Guid(de75a742b0b4f8044bedc84906bb7d06) Importer(815301076,1909f56bfc062723c751e8b465ee728b)
Start importing Assets/Scripts/PlayerController.cs using Guid(de75a742b0b4f8044bedc84906bb7d06) Importer(815301076,1909f56bfc062723c751e8b465ee728b)  -> (artifact id: '341e54407494a741e0bf33428e917ab9') in 0.005078 seconds
  Import took 0.007752 seconds .

========================================================================
Received Prepare
Registering precompiled user dll's ...
Registered in 0.001264 seconds.
Begin MonoManager ReloadAssembly
Native extension for WindowsStandalone target not found
Native extension for WebGL target not found
Refreshing native plugins compatible for Editor in 0.28 ms, found 0 plugins.
Preloading 0 native plugins for Editor in 0.00 ms.
Mono: successfully reloaded assembly
- Completed reload, in  1.004 seconds
Platform modules already initialized, skipping
Refreshing native plugins compatible for Editor in 0.28 ms, found 0 plugins.
Preloading 0 native plugins for Editor in 0.00 ms.
Unloading 1408 Unused Serialized files (Serialized files now loaded: 0)
System memory in use before: 70.6 MB.
System memory in use after: 70.7 MB.

Unloading 4 unused Assets to reduce memory usage. Loaded Objects now: 1897.
Total: 2.043800 ms (FindLiveObjects: 0.281000 ms CreateObjectMapping: 0.075600 ms MarkObjects: 1.672600 ms  DeleteObjects: 0.013000 ms)

========================================================================
Received Prepare
Registering precompiled user dll's ...
Registered in 0.001145 seconds.
Begin MonoManager ReloadAssembly
Native extension for WindowsStandalone target not found
Native extension for WebGL target not found
Refreshing native plugins compatible for Editor in 0.39 ms, found 0 plugins.
Preloading 0 native plugins for Editor in 0.00 ms.
Mono: successfully reloaded assembly
- Completed reload, in  1.030 seconds
Platform modules already initialized, skipping
Refreshing native plugins compatible for Editor in 0.28 ms, found 0 plugins.
Preloading 0 native plugins for Editor in 0.00 ms.
Unloading 1421 Unused Serialized files (Serialized files now loaded: 0)
System memory in use before: 72.7 MB.
System memory in use after: 72.2 MB.

Unloading 17 unused Assets to reduce memory usage. Loaded Objects now: 1900.
Total: 2.369800 ms (FindLiveObjects: 0.167500 ms CreateObjectMapping: 0.038500 ms MarkObjects: 1.832600 ms  DeleteObjects: 0.329900 ms)

========================================================================
Received Import Request.
  Time since last request: 594.161260 seconds.
  path: Assets/TextMesh Pro
  artifactKey: Guid(f54d1bd14bd3ca042bd867b519fee8cc) Importer(815301076,1909f56bfc062723c751e8b465ee728b)
Start importing Assets/TextMesh Pro using Guid(f54d1bd14bd3ca042bd867b519fee8cc) Importer(815301076,1909f56bfc062723c751e8b465ee728b)  -> (artifact id: '6e91c4ebc6831332b6bb3bf855d3c9e7') in 0.009066 seconds
  Import took 0.011968 seconds .

========================================================================
Received Import Request.
  Time since last request: 97.437301 seconds.
  path: Assets/Scripts/PlayerController.cs
  artifactKey: Guid(de75a742b0b4f8044bedc84906bb7d06) Importer(815301076,1909f56bfc062723c751e8b465ee728b)
Start importing Assets/Scripts/PlayerController.cs using Guid(de75a742b0b4f8044bedc84906bb7d06) Importer(815301076,1909f56bfc062723c751e8b465ee728b)  -> (artifact id: '3111212c6d2e7e1d85607c65e96c51ba') in 0.004503 seconds
  Import took 0.007080 seconds .

========================================================================
Received Import Request.
  Time since last request: 0.001068 seconds.
  path: Assets/Scripts/PlayerController.cs
  artifactKey: Guid(de75a742b0b4f8044bedc84906bb7d06) Importer(815301076,1909f56bfc062723c751e8b465ee728b)
Start importing Assets/Scripts/PlayerController.cs using Guid(de75a742b0b4f8044bedc84906bb7d06) Importer(815301076,1909f56bfc062723c751e8b465ee728b)  -> (artifact id: '3111212c6d2e7e1d85607c65e96c51ba') in 0.004540 seconds
  Import took 0.006723 seconds .

========================================================================
Received Import Request.
  Time since last request: 130.764987 seconds.
  path: Assets/TextMesh Pro/Sprites
  artifactKey: Guid(d0603b6d5186471b96c778c3949c7ce2) Importer(815301076,1909f56bfc062723c751e8b465ee728b)
Start importing Assets/TextMesh Pro/Sprites using Guid(d0603b6d5186471b96c778c3949c7ce2) Importer(815301076,1909f56bfc062723c751e8b465ee728b)  -> (artifact id: 'ff2ddf56a63c83d123825ff87c57e3d1') in 0.004226 seconds
  Import took 0.006879 seconds .

========================================================================
Received Import Request.
  Time since last request: 0.116512 seconds.
  path: Assets/TextMesh Pro/Sprites/EmojiOne.png
  artifactKey: Guid(dffef66376be4fa480fb02b19edbe903) Importer(815301076,1909f56bfc062723c751e8b465ee728b)
Start importing Assets/TextMesh Pro/Sprites/EmojiOne.png using Guid(dffef66376be4fa480fb02b19edbe903) Importer(815301076,1909f56bfc062723c751e8b465ee728b)  -> (artifact id: '2f80629014f2f741e1dd36ab36446a2c') in 0.097348 seconds
  Import took 0.100070 seconds .

========================================================================
Received Import Request.
  Time since last request: 4.867141 seconds.
  path: Assets/TextMesh Pro/Fonts
  artifactKey: Guid(6ab70aee4d56447429c680537fbf93ed) Importer(815301076,1909f56bfc062723c751e8b465ee728b)
Start importing Assets/TextMesh Pro/Fonts using Guid(6ab70aee4d56447429c680537fbf93ed) Importer(815301076,1909f56bfc062723c751e8b465ee728b)  -> (artifact id: 'bdcee4fe86d105bc044dcd62a9bec285') in 0.004451 seconds
  Import took 0.007153 seconds .

========================================================================
Received Import Request.
  Time since last request: 0.113736 seconds.
  path: Assets/TextMesh Pro/Fonts/LiberationSans.ttf
  artifactKey: Guid(e3265ab4bf004d28a9537516768c1c75) Importer(815301076,1909f56bfc062723c751e8b465ee728b)
Start importing Assets/TextMesh Pro/Fonts/LiberationSans.ttf using Guid(e3265ab4bf004d28a9537516768c1c75) Importer(815301076,1909f56bfc062723c751e8b465ee728b)  -> (artifact id: '30aa5f80fae81faea845643342598653') in 0.058854 seconds
  Import took 0.061674 seconds .

========================================================================
Received Import Request.
  Time since last request: 0.002409 seconds.
  path: Assets/TextMesh Pro/Fonts/LiberationSans.ttf
  artifactKey: Guid(e3265ab4bf004d28a9537516768c1c75) Importer(815301076,1909f56bfc062723c751e8b465ee728b)
Start importing Assets/TextMesh Pro/Fonts/LiberationSans.ttf using Guid(e3265ab4bf004d28a9537516768c1c75) Importer(815301076,1909f56bfc062723c751e8b465ee728b)  -> (artifact id: '30aa5f80fae81faea845643342598653') in 0.012163 seconds
  Import took 0.014701 seconds .

========================================================================
Received Import Request.
  Time since last request: 1.856425 seconds.
  path: Assets/TextMesh Pro/Shaders
  artifactKey: Guid(e9f693669af91aa45ad615fc681ed29f) Importer(815301076,1909f56bfc062723c751e8b465ee728b)
Start importing Assets/TextMesh Pro/Shaders using Guid(e9f693669af91aa45ad615fc681ed29f) Importer(815301076,1909f56bfc062723c751e8b465ee728b)  -> (artifact id: '705109be4066f82ebd0c8b43bbe8223a') in 0.005638 seconds
  Import took 0.008263 seconds .

========================================================================
Received Import Request.
  Time since last request: 45.544561 seconds.
  path: Assets/CountText.prefab
  artifactKey: Guid(ec7b5becb0ebbe94ab31416b72a616db) Importer(815301076,1909f56bfc062723c751e8b465ee728b)
Start importing Assets/CountText.prefab using Guid(ec7b5becb0ebbe94ab31416b72a616db) Importer(815301076,1909f56bfc062723c751e8b465ee728b)  -> (artifact id: '64fc93d0be83056963d48f80fce0166d') in 0.077011 seconds
  Import took 0.080069 seconds .

AssetImportWorkerClient::OnTransportError - code=2 error=End of file
