Using pre-set license
Built from '2020.3/staging' branch; Version is '2020.3.6f1 (338bb68529b2) revision 3378102'; Using compiler version '192528614'; Build Type 'Release'
OS: 'Windows 10 Enterprise; OS build 19042.964; Version 2009; 64bit' Language: 'pt' Physical Memory: 16326 MB
BatchMode: 1, IsHumanControllingUs: 0, StartBugReporterOnCrash: 0, Is64bit: 1, IsPro: 0

 COMMAND LINE ARGUMENTS:
D:\Unity\Hub\Editor\2020.3.6f1\Editor\Unity.exe
-adb2
-batchMode
-noUpm
-name
AssetImportWorker0
-projectPath
D:/Unity/Projetos/Rollable
-logFile
Logs/AssetImportWorker0.log
-srvPort
62555
Successfully changed project path to: D:/Unity/Projetos/Rollable
D:/Unity/Projetos/Rollable
Using Asset Import Pipeline V2.
Refreshing native plugins compatible for Editor in 27.39 ms, found 0 plugins.
Preloading 0 native plugins for Editor in 0.00 ms.
Initialize engine version: 2020.3.6f1 (338bb68529b2)
[Subsystems] Discovering subsystems at path D:/Unity/Hub/Editor/2020.3.6f1/Editor/Data/Resources/UnitySubsystems
[Subsystems] Discovering subsystems at path D:/Unity/Projetos/Rollable/Assets
GfxDevice: creating device client; threaded=0
Direct3D:
    Version:  Direct3D 11.0 [level 11.1]
    Renderer: NVIDIA GeForce GTX 1060 6GB (ID=0x1c03)
    Vendor:   
    VRAM:     6052 MB
    Driver:   27.21.14.6231
Initialize mono
Mono path[0] = 'D:/Unity/Hub/Editor/2020.3.6f1/Editor/Data/Managed'
Mono path[1] = 'D:/Unity/Hub/Editor/2020.3.6f1/Editor/Data/MonoBleedingEdge/lib/mono/unityjit'
Mono config path = 'D:/Unity/Hub/Editor/2020.3.6f1/Editor/Data/MonoBleedingEdge/etc'
Using monoOptions --debugger-agent=transport=dt_socket,embedding=1,server=y,suspend=n,address=127.0.0.1:56184
Begin MonoManager ReloadAssembly
Registering precompiled unity dll's ...
Register platform support module: D:/Unity/Hub/Editor/2020.3.6f1/Editor/Data/PlaybackEngines/WebGLSupport/UnityEditor.WebGL.Extensions.dll
Register platform support module: D:/Unity/Hub/Editor/2020.3.6f1/Editor/Data/PlaybackEngines/WindowsStandaloneSupport/UnityEditor.WindowsStandalone.Extensions.dll
Registered in 0.004827 seconds.
Native extension for WindowsStandalone target not found
Native extension for WebGL target not found
Refreshing native plugins compatible for Editor in 25.32 ms, found 0 plugins.
Preloading 0 native plugins for Editor in 0.00 ms.
Mono: successfully reloaded assembly
- Completed reload, in  1.283 seconds
Platform modules already initialized, skipping
Registering precompiled user dll's ...
Registered in 0.000982 seconds.
Begin MonoManager ReloadAssembly
Native extension for WindowsStandalone target not found
Native extension for WebGL target not found
Refreshing native plugins compatible for Editor in 26.46 ms, found 0 plugins.
Preloading 0 native plugins for Editor in 0.00 ms.
Mono: successfully reloaded assembly
- Completed reload, in  0.869 seconds
Platform modules already initialized, skipping
========================================================================
Worker process is ready to serve import requests
Launched and connected shader compiler UnityShaderCompiler.exe after 0.04 seconds
Refreshing native plugins compatible for Editor in 0.22 ms, found 0 plugins.
Preloading 0 native plugins for Editor in 0.00 ms.
Unloading 1413 Unused Serialized files (Serialized files now loaded: 0)
System memory in use before: 67.5 MB.
System memory in use after: 67.5 MB.

Unloading 12 unused Assets to reduce memory usage. Loaded Objects now: 1857.
Total: 2.034500 ms (FindLiveObjects: 0.297900 ms CreateObjectMapping: 0.091000 ms MarkObjects: 1.571700 ms  DeleteObjects: 0.068900 ms)

========================================================================
Received Import Request.
  path: Assets/Materials/New Material.mat
  artifactKey: Guid(6b10e0fa43605ec4aa783f87ec0133c4) Importer(815301076,1909f56bfc062723c751e8b465ee728b)
Start importing Assets/Materials/New Material.mat using Guid(6b10e0fa43605ec4aa783f87ec0133c4) Importer(815301076,1909f56bfc062723c751e8b465ee728b)  -> (artifact id: '495aa7e560f456bc046512386f3bd53b') in 0.123903 seconds
  Import took 0.148040 seconds .

========================================================================
Received Import Request.
  Time since last request: 17.737478 seconds.
  path: Assets/Materials/Walls.mat
  artifactKey: Guid(aac89b928a80cb74894102e8e031e15d) Importer(815301076,1909f56bfc062723c751e8b465ee728b)
Start importing Assets/Materials/Walls.mat using Guid(aac89b928a80cb74894102e8e031e15d) Importer(815301076,1909f56bfc062723c751e8b465ee728b)  -> (artifact id: 'b754a2223074e89bc3526253f31ee8bc') in 0.013498 seconds
  Import took 0.015920 seconds .

========================================================================
Received Prepare
Registering precompiled user dll's ...
Registered in 0.001179 seconds.
Begin MonoManager ReloadAssembly
Native extension for WindowsStandalone target not found
Native extension for WebGL target not found
Refreshing native plugins compatible for Editor in 0.24 ms, found 0 plugins.
Preloading 0 native plugins for Editor in 0.00 ms.
Mono: successfully reloaded assembly
- Completed reload, in  0.814 seconds
Platform modules already initialized, skipping
Refreshing native plugins compatible for Editor in 0.22 ms, found 0 plugins.
Preloading 0 native plugins for Editor in 0.00 ms.
Unloading 1408 Unused Serialized files (Serialized files now loaded: 0)
System memory in use before: 70.9 MB.
System memory in use after: 71.0 MB.

Unloading 5 unused Assets to reduce memory usage. Loaded Objects now: 1900.
Total: 1.800200 ms (FindLiveObjects: 0.184600 ms CreateObjectMapping: 0.060200 ms MarkObjects: 1.507300 ms  DeleteObjects: 0.046800 ms)

========================================================================
Received Import Request.
  Time since last request: 692.998727 seconds.
  path: Assets/Materials/Walls.mat
  artifactKey: Guid(aac89b928a80cb74894102e8e031e15d) Importer(815301076,1909f56bfc062723c751e8b465ee728b)
Start importing Assets/Materials/Walls.mat using Guid(aac89b928a80cb74894102e8e031e15d) Importer(815301076,1909f56bfc062723c751e8b465ee728b)  -> (artifact id: 'a3818556e6616d55b2aeed746454feb7') in 0.059574 seconds
  Import took 0.062175 seconds .

========================================================================
Received Prepare
Registering precompiled user dll's ...
Registered in 0.000939 seconds.
Begin MonoManager ReloadAssembly
Native extension for WindowsStandalone target not found
Native extension for WebGL target not found
Refreshing native plugins compatible for Editor in 0.22 ms, found 0 plugins.
Preloading 0 native plugins for Editor in 0.00 ms.
Mono: successfully reloaded assembly
- Completed reload, in  0.795 seconds
Platform modules already initialized, skipping
Refreshing native plugins compatible for Editor in 0.23 ms, found 0 plugins.
Preloading 0 native plugins for Editor in 0.00 ms.
Unloading 1409 Unused Serialized files (Serialized files now loaded: 0)
System memory in use before: 70.9 MB.
System memory in use after: 71.0 MB.

Unloading 5 unused Assets to reduce memory usage. Loaded Objects now: 1905.
Total: 1.904500 ms (FindLiveObjects: 0.242700 ms CreateObjectMapping: 0.053900 ms MarkObjects: 1.559000 ms  DeleteObjects: 0.046900 ms)

========================================================================
Received Prepare
Registering precompiled user dll's ...
Registered in 0.000910 seconds.
Begin MonoManager ReloadAssembly
Native extension for WindowsStandalone target not found
Native extension for WebGL target not found
Refreshing native plugins compatible for Editor in 0.23 ms, found 0 plugins.
Preloading 0 native plugins for Editor in 0.00 ms.
Mono: successfully reloaded assembly
- Completed reload, in  0.792 seconds
Platform modules already initialized, skipping
Refreshing native plugins compatible for Editor in 0.22 ms, found 0 plugins.
Preloading 0 native plugins for Editor in 0.00 ms.
Unloading 1409 Unused Serialized files (Serialized files now loaded: 0)
System memory in use before: 71.0 MB.
System memory in use after: 71.0 MB.

Unloading 5 unused Assets to reduce memory usage. Loaded Objects now: 1908.
Total: 1.717800 ms (FindLiveObjects: 0.160100 ms CreateObjectMapping: 0.045200 ms MarkObjects: 1.443600 ms  DeleteObjects: 0.067500 ms)

========================================================================
Received Import Request.
  Time since last request: 354.904421 seconds.
  path: Assets/Scripts/Rotator.cs
  artifactKey: Guid(3b6f936cdd2cc79468945491ae3d80b5) Importer(815301076,1909f56bfc062723c751e8b465ee728b)
Start importing Assets/Scripts/Rotator.cs using Guid(3b6f936cdd2cc79468945491ae3d80b5) Importer(815301076,1909f56bfc062723c751e8b465ee728b)  -> (artifact id: '2468202c6aa2e31327356df3e99d0dfc') in 0.025610 seconds
  Import took 0.027727 seconds .

========================================================================
Received Prepare
Registering precompiled user dll's ...
Registered in 0.001010 seconds.
Begin MonoManager ReloadAssembly
Native extension for WindowsStandalone target not found
Native extension for WebGL target not found
Refreshing native plugins compatible for Editor in 0.25 ms, found 0 plugins.
Preloading 0 native plugins for Editor in 0.00 ms.
Mono: successfully reloaded assembly
- Completed reload, in  0.797 seconds
Platform modules already initialized, skipping
Refreshing native plugins compatible for Editor in 0.23 ms, found 0 plugins.
Preloading 0 native plugins for Editor in 0.00 ms.
Unloading 1409 Unused Serialized files (Serialized files now loaded: 0)
System memory in use before: 71.0 MB.
System memory in use after: 71.1 MB.

Unloading 5 unused Assets to reduce memory usage. Loaded Objects now: 1911.
Total: 2.049200 ms (FindLiveObjects: 0.251100 ms CreateObjectMapping: 0.064700 ms MarkObjects: 1.681800 ms  DeleteObjects: 0.049800 ms)

========================================================================
Received Import Request.
  Time since last request: 369.885845 seconds.
  path: Assets/Scripts/Rotator.cs
  artifactKey: Guid(3b6f936cdd2cc79468945491ae3d80b5) Importer(815301076,1909f56bfc062723c751e8b465ee728b)
Start importing Assets/Scripts/Rotator.cs using Guid(3b6f936cdd2cc79468945491ae3d80b5) Importer(815301076,1909f56bfc062723c751e8b465ee728b)  -> (artifact id: '8ddc011665dfe43c88ef46e665f77386') in 0.004046 seconds
  Import took 0.006247 seconds .

========================================================================
Received Import Request.
  Time since last request: 0.703854 seconds.
  path: Assets/Scripts/Rotator.cs
  artifactKey: Guid(3b6f936cdd2cc79468945491ae3d80b5) Importer(815301076,1909f56bfc062723c751e8b465ee728b)
Start importing Assets/Scripts/Rotator.cs using Guid(3b6f936cdd2cc79468945491ae3d80b5) Importer(815301076,1909f56bfc062723c751e8b465ee728b)  -> (artifact id: '8ddc011665dfe43c88ef46e665f77386') in 0.002284 seconds
  Import took 0.004299 seconds .

========================================================================
Received Prepare
Registering precompiled user dll's ...
Registered in 0.001221 seconds.
Begin MonoManager ReloadAssembly
Native extension for WindowsStandalone target not found
Native extension for WebGL target not found
Refreshing native plugins compatible for Editor in 0.24 ms, found 0 plugins.
Preloading 0 native plugins for Editor in 0.00 ms.
Mono: successfully reloaded assembly
- Completed reload, in  0.914 seconds
Platform modules already initialized, skipping
Refreshing native plugins compatible for Editor in 0.22 ms, found 0 plugins.
Preloading 0 native plugins for Editor in 0.00 ms.
Unloading 1409 Unused Serialized files (Serialized files now loaded: 0)
System memory in use before: 71.0 MB.
System memory in use after: 71.1 MB.

Unloading 5 unused Assets to reduce memory usage. Loaded Objects now: 1914.
Total: 1.812600 ms (FindLiveObjects: 0.223000 ms CreateObjectMapping: 0.070800 ms MarkObjects: 1.471700 ms  DeleteObjects: 0.046400 ms)

========================================================================
Received Import Request.
  Time since last request: 107.475744 seconds.
  path: Assets/Prefabs
  artifactKey: Guid(bf06a9770d4fcfa45be8265860a5a1e6) Importer(815301076,1909f56bfc062723c751e8b465ee728b)
Start importing Assets/Prefabs using Guid(bf06a9770d4fcfa45be8265860a5a1e6) Importer(815301076,1909f56bfc062723c751e8b465ee728b)  -> (artifact id: '25995d1fb41ff96698f3cc28fbe62ec6') in 0.009496 seconds
  Import took 0.011761 seconds .

========================================================================
Received Import Request.
  Time since last request: 0.000799 seconds.
  path: Assets/Prefabs
  artifactKey: Guid(bf06a9770d4fcfa45be8265860a5a1e6) Importer(815301076,1909f56bfc062723c751e8b465ee728b)
Start importing Assets/Prefabs using Guid(bf06a9770d4fcfa45be8265860a5a1e6) Importer(815301076,1909f56bfc062723c751e8b465ee728b)  -> (artifact id: '25995d1fb41ff96698f3cc28fbe62ec6') in 0.002933 seconds
  Import took 0.005197 seconds .

========================================================================
Received Import Request.
  Time since last request: 6.655841 seconds.
  path: Assets/Prefabs/PickUp.prefab
  artifactKey: Guid(e96e58cadda1dd34eb118eda3b87b84f) Importer(815301076,1909f56bfc062723c751e8b465ee728b)
Start importing Assets/Prefabs/PickUp.prefab using Guid(e96e58cadda1dd34eb118eda3b87b84f) Importer(815301076,1909f56bfc062723c751e8b465ee728b)  -> (artifact id: '98a198b5256ba373b49d85fdcac14e0d') in 0.060280 seconds
  Import took 0.062414 seconds .

========================================================================
Received Import Request.
  Time since last request: 0.007642 seconds.
  path: Assets/Prefabs/PickUp.prefab
  artifactKey: Guid(e96e58cadda1dd34eb118eda3b87b84f) Importer(815301076,1909f56bfc062723c751e8b465ee728b)
Start importing Assets/Prefabs/PickUp.prefab using Guid(e96e58cadda1dd34eb118eda3b87b84f) Importer(815301076,1909f56bfc062723c751e8b465ee728b)  -> (artifact id: '98a198b5256ba373b49d85fdcac14e0d') in 0.009392 seconds
  Import took 0.011655 seconds .

========================================================================
Received Import Request.
  Time since last request: 488.158478 seconds.
  path: Assets/Scripts/PlayerController.cs
  artifactKey: Guid(5cc2ae726103deb40a377ceffe0a7490) Importer(815301076,1909f56bfc062723c751e8b465ee728b)
Start importing Assets/Scripts/PlayerController.cs using Guid(5cc2ae726103deb40a377ceffe0a7490) Importer(815301076,1909f56bfc062723c751e8b465ee728b)  -> (artifact id: 'cad7be9c69feef0103043d10c6ecb585') in 0.010176 seconds
  Import took 0.013019 seconds .

========================================================================
Received Import Request.
  Time since last request: 0.001703 seconds.
  path: Assets/Scripts/PlayerController.cs
  artifactKey: Guid(5cc2ae726103deb40a377ceffe0a7490) Importer(815301076,1909f56bfc062723c751e8b465ee728b)
Start importing Assets/Scripts/PlayerController.cs using Guid(5cc2ae726103deb40a377ceffe0a7490) Importer(815301076,1909f56bfc062723c751e8b465ee728b)  -> (artifact id: 'cad7be9c69feef0103043d10c6ecb585') in 0.002495 seconds
  Import took 0.004802 seconds .

========================================================================
Received Prepare
Registering precompiled user dll's ...
Registered in 0.000861 seconds.
Begin MonoManager ReloadAssembly
Native extension for WindowsStandalone target not found
Native extension for WebGL target not found
Refreshing native plugins compatible for Editor in 0.24 ms, found 0 plugins.
Preloading 0 native plugins for Editor in 0.00 ms.
Mono: successfully reloaded assembly
- Completed reload, in  0.993 seconds
Platform modules already initialized, skipping
Refreshing native plugins compatible for Editor in 0.28 ms, found 0 plugins.
Preloading 0 native plugins for Editor in 0.00 ms.
Unloading 1409 Unused Serialized files (Serialized files now loaded: 0)
System memory in use before: 71.0 MB.
System memory in use after: 71.1 MB.

Unloading 5 unused Assets to reduce memory usage. Loaded Objects now: 1919.
Total: 2.480700 ms (FindLiveObjects: 0.371100 ms CreateObjectMapping: 0.190600 ms MarkObjects: 1.857600 ms  DeleteObjects: 0.059400 ms)

========================================================================
Received Prepare
Registering precompiled user dll's ...
Registered in 0.001076 seconds.
Begin MonoManager ReloadAssembly
Native extension for WindowsStandalone target not found
Native extension for WebGL target not found
Refreshing native plugins compatible for Editor in 1.02 ms, found 0 plugins.
Preloading 0 native plugins for Editor in 0.00 ms.
Mono: successfully reloaded assembly
- Completed reload, in  1.012 seconds
Platform modules already initialized, skipping
Refreshing native plugins compatible for Editor in 0.26 ms, found 0 plugins.
Preloading 0 native plugins for Editor in 0.00 ms.
Unloading 1409 Unused Serialized files (Serialized files now loaded: 0)
System memory in use before: 71.0 MB.
System memory in use after: 71.1 MB.

Unloading 5 unused Assets to reduce memory usage. Loaded Objects now: 1922.
Total: 2.327200 ms (FindLiveObjects: 0.203500 ms CreateObjectMapping: 0.056500 ms MarkObjects: 2.021200 ms  DeleteObjects: 0.044400 ms)

========================================================================
Received Import Request.
  Time since last request: 11433.839410 seconds.
  path: Assets/Scripts/PlayerController.cs
  artifactKey: Guid(5cc2ae726103deb40a377ceffe0a7490) Importer(815301076,1909f56bfc062723c751e8b465ee728b)
Start importing Assets/Scripts/PlayerController.cs using Guid(5cc2ae726103deb40a377ceffe0a7490) Importer(815301076,1909f56bfc062723c751e8b465ee728b)  -> (artifact id: '29e9d6eff128ba5e11e7508a9c025beb') in 0.010976 seconds
  Import took 0.028098 seconds .

========================================================================
Received Import Request.
  Time since last request: 154.098574 seconds.
  path: Assets/Prefabs/PickUp.prefab
  artifactKey: Guid(e96e58cadda1dd34eb118eda3b87b84f) Importer(815301076,1909f56bfc062723c751e8b465ee728b)
Start importing Assets/Prefabs/PickUp.prefab using Guid(e96e58cadda1dd34eb118eda3b87b84f) Importer(815301076,1909f56bfc062723c751e8b465ee728b)  -> (artifact id: 'edb2fac04d3f1d66b9ade64f3b3fadb9') in 0.074262 seconds
  Import took 0.094534 seconds .

========================================================================
Received Prepare
Registering precompiled user dll's ...
Registered in 0.001196 seconds.
Begin MonoManager ReloadAssembly
Native extension for WindowsStandalone target not found
Native extension for WebGL target not found
Refreshing native plugins compatible for Editor in 0.25 ms, found 0 plugins.
Preloading 0 native plugins for Editor in 0.00 ms.
Mono: successfully reloaded assembly
- Completed reload, in  0.974 seconds
Platform modules already initialized, skipping
Refreshing native plugins compatible for Editor in 0.29 ms, found 0 plugins.
Preloading 0 native plugins for Editor in 0.00 ms.
Unloading 1409 Unused Serialized files (Serialized files now loaded: 0)
System memory in use before: 71.0 MB.
System memory in use after: 71.1 MB.

Unloading 5 unused Assets to reduce memory usage. Loaded Objects now: 1926.
Total: 1.864300 ms (FindLiveObjects: 0.157400 ms CreateObjectMapping: 0.045000 ms MarkObjects: 1.617800 ms  DeleteObjects: 0.042900 ms)

========================================================================
Received Prepare
Registering precompiled user dll's ...
Registered in 0.000951 seconds.
Begin MonoManager ReloadAssembly
Native extension for WindowsStandalone target not found
Native extension for WebGL target not found
Refreshing native plugins compatible for Editor in 0.23 ms, found 0 plugins.
Preloading 0 native plugins for Editor in 0.00 ms.
Mono: successfully reloaded assembly
- Completed reload, in  0.812 seconds
Platform modules already initialized, skipping
Refreshing native plugins compatible for Editor in 0.23 ms, found 0 plugins.
Preloading 0 native plugins for Editor in 0.00 ms.
Unloading 1409 Unused Serialized files (Serialized files now loaded: 0)
System memory in use before: 71.0 MB.
System memory in use after: 71.1 MB.

Unloading 5 unused Assets to reduce memory usage. Loaded Objects now: 1929.
Total: 2.614200 ms (FindLiveObjects: 0.476700 ms CreateObjectMapping: 0.080500 ms MarkObjects: 2.004800 ms  DeleteObjects: 0.050800 ms)

========================================================================
Received Prepare
Registering precompiled user dll's ...
Registered in 0.000930 seconds.
Begin MonoManager ReloadAssembly
Native extension for WindowsStandalone target not found
Native extension for WebGL target not found
Refreshing native plugins compatible for Editor in 0.22 ms, found 0 plugins.
Preloading 0 native plugins for Editor in 0.00 ms.
Mono: successfully reloaded assembly
- Completed reload, in  0.760 seconds
Platform modules already initialized, skipping
Refreshing native plugins compatible for Editor in 0.22 ms, found 0 plugins.
Preloading 0 native plugins for Editor in 0.00 ms.
Unloading 1409 Unused Serialized files (Serialized files now loaded: 0)
System memory in use before: 71.0 MB.
System memory in use after: 71.1 MB.

Unloading 5 unused Assets to reduce memory usage. Loaded Objects now: 1932.
Total: 1.778900 ms (FindLiveObjects: 0.159000 ms CreateObjectMapping: 0.044800 ms MarkObjects: 1.530100 ms  DeleteObjects: 0.044100 ms)

========================================================================
Received Prepare
Registering precompiled user dll's ...
Registered in 0.001156 seconds.
Begin MonoManager ReloadAssembly
Native extension for WindowsStandalone target not found
Native extension for WebGL target not found
Refreshing native plugins compatible for Editor in 0.30 ms, found 0 plugins.
Preloading 0 native plugins for Editor in 0.00 ms.
Mono: successfully reloaded assembly
- Completed reload, in  0.838 seconds
Platform modules already initialized, skipping
Refreshing native plugins compatible for Editor in 0.28 ms, found 0 plugins.
Preloading 0 native plugins for Editor in 0.00 ms.
Unloading 1409 Unused Serialized files (Serialized files now loaded: 0)
System memory in use before: 71.1 MB.
System memory in use after: 71.1 MB.

Unloading 5 unused Assets to reduce memory usage. Loaded Objects now: 1935.
Total: 2.250900 ms (FindLiveObjects: 0.287700 ms CreateObjectMapping: 0.093100 ms MarkObjects: 1.825900 ms  DeleteObjects: 0.042400 ms)

========================================================================
Received Import Request.
  Time since last request: 273.558751 seconds.
  path: ProjectSettings/TagManager.asset
  artifactKey: Guid(00000000000000003000000000000000) Importer(815301076,1909f56bfc062723c751e8b465ee728b)
Start importing ProjectSettings/TagManager.asset using Guid(00000000000000003000000000000000) Importer(815301076,1909f56bfc062723c751e8b465ee728b)  -> (artifact id: '7960a73919d8baa12bca0e2fc225c862') in 0.017670 seconds
  Import took 0.046922 seconds .

========================================================================
Received Import Request.
  Time since last request: 0.017037 seconds.
  path: ProjectSettings/TagManager.asset
  artifactKey: Guid(00000000000000003000000000000000) Importer(815301076,1909f56bfc062723c751e8b465ee728b)
Start importing ProjectSettings/TagManager.asset using Guid(00000000000000003000000000000000) Importer(815301076,1909f56bfc062723c751e8b465ee728b)  -> (artifact id: '7960a73919d8baa12bca0e2fc225c862') in 0.003451 seconds
  Import took 0.006157 seconds .

========================================================================
Received Import Request.
  Time since last request: 68.715761 seconds.
  path: Assets/Prefabs/PickUp.prefab
  artifactKey: Guid(e96e58cadda1dd34eb118eda3b87b84f) Importer(815301076,1909f56bfc062723c751e8b465ee728b)
Start importing Assets/Prefabs/PickUp.prefab using Guid(e96e58cadda1dd34eb118eda3b87b84f) Importer(815301076,1909f56bfc062723c751e8b465ee728b)  -> (artifact id: 'c3ee5ebd2e3dde8096e09ca37b9fa98b') in 0.041795 seconds
  Import took 0.044156 seconds .

========================================================================
Received Prepare
Registering precompiled user dll's ...
Registered in 0.000944 seconds.
Begin MonoManager ReloadAssembly
Native extension for WindowsStandalone target not found
Native extension for WebGL target not found
Refreshing native plugins compatible for Editor in 0.38 ms, found 0 plugins.
Preloading 0 native plugins for Editor in 0.00 ms.
Mono: successfully reloaded assembly
- Completed reload, in  0.920 seconds
Platform modules already initialized, skipping
Refreshing native plugins compatible for Editor in 0.27 ms, found 0 plugins.
Preloading 0 native plugins for Editor in 0.00 ms.
Unloading 1409 Unused Serialized files (Serialized files now loaded: 0)
System memory in use before: 71.1 MB.
System memory in use after: 71.2 MB.

Unloading 7 unused Assets to reduce memory usage. Loaded Objects now: 1939.
Total: 1.996100 ms (FindLiveObjects: 0.153300 ms CreateObjectMapping: 0.048300 ms MarkObjects: 1.748300 ms  DeleteObjects: 0.045200 ms)

========================================================================
Received Import Request.
  Time since last request: 106.036440 seconds.
  path: Assets/Prefabs/PickUp.prefab
  artifactKey: Guid(e96e58cadda1dd34eb118eda3b87b84f) Importer(815301076,1909f56bfc062723c751e8b465ee728b)
Start importing Assets/Prefabs/PickUp.prefab using Guid(e96e58cadda1dd34eb118eda3b87b84f) Importer(815301076,1909f56bfc062723c751e8b465ee728b)  -> (artifact id: 'c093732cca32b5816537a4b45c8befa3') in 0.059990 seconds
  Import took 0.081716 seconds .

========================================================================
Received Import Request.
  Time since last request: 9.406308 seconds.
  path: Assets/Prefabs/PickUp.prefab
  artifactKey: Guid(e96e58cadda1dd34eb118eda3b87b84f) Importer(815301076,1909f56bfc062723c751e8b465ee728b)
Start importing Assets/Prefabs/PickUp.prefab using Guid(e96e58cadda1dd34eb118eda3b87b84f) Importer(815301076,1909f56bfc062723c751e8b465ee728b)  -> (artifact id: '479ba7a62040d2bc0386b1a6274ac85f') in 0.006737 seconds
  Import took 0.009007 seconds .

========================================================================
Received Import Request.
  Time since last request: 43.823867 seconds.
  path: Assets/Prefabs/PickUp.prefab
  artifactKey: Guid(e96e58cadda1dd34eb118eda3b87b84f) Importer(815301076,1909f56bfc062723c751e8b465ee728b)
Start importing Assets/Prefabs/PickUp.prefab using Guid(e96e58cadda1dd34eb118eda3b87b84f) Importer(815301076,1909f56bfc062723c751e8b465ee728b)  -> (artifact id: '0e1a284c92cf42c21d6ff93e1a585ce1') in 0.023382 seconds
  Import took 0.027078 seconds .

========================================================================
Received Prepare
Registering precompiled user dll's ...
Registered in 0.001203 seconds.
Begin MonoManager ReloadAssembly
Native extension for WindowsStandalone target not found
Native extension for WebGL target not found
Refreshing native plugins compatible for Editor in 0.24 ms, found 0 plugins.
Preloading 0 native plugins for Editor in 0.00 ms.
Mono: successfully reloaded assembly
- Completed reload, in  0.957 seconds
Platform modules already initialized, skipping
Refreshing native plugins compatible for Editor in 0.25 ms, found 0 plugins.
Preloading 0 native plugins for Editor in 0.00 ms.
Unloading 1409 Unused Serialized files (Serialized files now loaded: 0)
System memory in use before: 71.1 MB.
System memory in use after: 71.2 MB.

Unloading 5 unused Assets to reduce memory usage. Loaded Objects now: 1943.
Total: 2.122200 ms (FindLiveObjects: 0.296200 ms CreateObjectMapping: 0.099700 ms MarkObjects: 1.672700 ms  DeleteObjects: 0.052000 ms)

========================================================================
Received Prepare
Registering precompiled user dll's ...
Registered in 0.000912 seconds.
Begin MonoManager ReloadAssembly
Native extension for WindowsStandalone target not found
Native extension for WebGL target not found
Refreshing native plugins compatible for Editor in 0.23 ms, found 0 plugins.
Preloading 0 native plugins for Editor in 0.00 ms.
Mono: successfully reloaded assembly
- Completed reload, in  0.788 seconds
Platform modules already initialized, skipping
Refreshing native plugins compatible for Editor in 0.22 ms, found 0 plugins.
Preloading 0 native plugins for Editor in 0.00 ms.
Unloading 1409 Unused Serialized files (Serialized files now loaded: 0)
System memory in use before: 71.1 MB.
System memory in use after: 71.2 MB.

Unloading 5 unused Assets to reduce memory usage. Loaded Objects now: 1946.
Total: 1.957100 ms (FindLiveObjects: 0.178900 ms CreateObjectMapping: 0.048600 ms MarkObjects: 1.673900 ms  DeleteObjects: 0.053900 ms)

========================================================================
Received Import Request.
  Time since last request: 366.027277 seconds.
  path: Assets/Scripts/PlayerController.cs
  artifactKey: Guid(5cc2ae726103deb40a377ceffe0a7490) Importer(815301076,1909f56bfc062723c751e8b465ee728b)
Start importing Assets/Scripts/PlayerController.cs using Guid(5cc2ae726103deb40a377ceffe0a7490) Importer(815301076,1909f56bfc062723c751e8b465ee728b)  -> (artifact id: '9d361bf82c63b5f7aa4b9ad9ee09a142') in 0.004691 seconds
  Import took 0.020577 seconds .

========================================================================
Received Prepare
Registering precompiled user dll's ...
Registered in 0.000957 seconds.
Begin MonoManager ReloadAssembly
Native extension for WindowsStandalone target not found
Native extension for WebGL target not found
Refreshing native plugins compatible for Editor in 0.23 ms, found 0 plugins.
Preloading 0 native plugins for Editor in 0.00 ms.
Mono: successfully reloaded assembly
- Completed reload, in  0.792 seconds
Platform modules already initialized, skipping
Refreshing native plugins compatible for Editor in 0.61 ms, found 0 plugins.
Preloading 0 native plugins for Editor in 0.00 ms.
Unloading 1422 Unused Serialized files (Serialized files now loaded: 0)
System memory in use before: 73.1 MB.
System memory in use after: 72.5 MB.

Unloading 18 unused Assets to reduce memory usage. Loaded Objects now: 1949.
Total: 2.092300 ms (FindLiveObjects: 0.186100 ms CreateObjectMapping: 0.063200 ms MarkObjects: 1.543600 ms  DeleteObjects: 0.297300 ms)

========================================================================
Received Import Request.
  Time since last request: 521.413067 seconds.
  path: Assets/Scripts/PlayerController.cs
  artifactKey: Guid(5cc2ae726103deb40a377ceffe0a7490) Importer(815301076,1909f56bfc062723c751e8b465ee728b)
Start importing Assets/Scripts/PlayerController.cs using Guid(5cc2ae726103deb40a377ceffe0a7490) Importer(815301076,1909f56bfc062723c751e8b465ee728b)  -> (artifact id: '2cc71dc018613751d2ffc2c767c4c905') in 0.004702 seconds
  Import took 0.007005 seconds .

========================================================================
Received Prepare
Registering precompiled user dll's ...
Registered in 0.001344 seconds.
Begin MonoManager ReloadAssembly
Native extension for WindowsStandalone target not found
Native extension for WebGL target not found
Refreshing native plugins compatible for Editor in 0.23 ms, found 0 plugins.
Preloading 0 native plugins for Editor in 0.00 ms.
Mono: successfully reloaded assembly
- Completed reload, in  0.952 seconds
Platform modules already initialized, skipping
Refreshing native plugins compatible for Editor in 0.23 ms, found 0 plugins.
Preloading 0 native plugins for Editor in 0.00 ms.
Unloading 1422 Unused Serialized files (Serialized files now loaded: 0)
System memory in use before: 73.1 MB.
System memory in use after: 72.5 MB.

Unloading 18 unused Assets to reduce memory usage. Loaded Objects now: 1952.
Total: 2.577700 ms (FindLiveObjects: 0.309300 ms CreateObjectMapping: 0.085400 ms MarkObjects: 1.859000 ms  DeleteObjects: 0.321700 ms)

========================================================================
Received Prepare
Registering precompiled user dll's ...
Registered in 0.000935 seconds.
Begin MonoManager ReloadAssembly
Native extension for WindowsStandalone target not found
Native extension for WebGL target not found
Refreshing native plugins compatible for Editor in 0.26 ms, found 0 plugins.
Preloading 0 native plugins for Editor in 0.00 ms.
Mono: successfully reloaded assembly
- Completed reload, in  0.831 seconds
Platform modules already initialized, skipping
Refreshing native plugins compatible for Editor in 0.26 ms, found 0 plugins.
Preloading 0 native plugins for Editor in 0.00 ms.
Unloading 1422 Unused Serialized files (Serialized files now loaded: 0)
System memory in use before: 73.1 MB.
System memory in use after: 72.5 MB.

Unloading 18 unused Assets to reduce memory usage. Loaded Objects now: 1955.
Total: 2.052800 ms (FindLiveObjects: 0.159100 ms CreateObjectMapping: 0.045300 ms MarkObjects: 1.526000 ms  DeleteObjects: 0.320700 ms)

========================================================================
Received Prepare
Registering precompiled user dll's ...
Registered in 0.001403 seconds.
Begin MonoManager ReloadAssembly
Native extension for WindowsStandalone target not found
Native extension for WebGL target not found
Refreshing native plugins compatible for Editor in 0.26 ms, found 0 plugins.
Preloading 0 native plugins for Editor in 0.00 ms.
Mono: successfully reloaded assembly
- Completed reload, in  0.950 seconds
Platform modules already initialized, skipping
Refreshing native plugins compatible for Editor in 0.28 ms, found 0 plugins.
Preloading 0 native plugins for Editor in 0.00 ms.
Unloading 1422 Unused Serialized files (Serialized files now loaded: 0)
System memory in use before: 73.1 MB.
System memory in use after: 72.6 MB.

Unloading 18 unused Assets to reduce memory usage. Loaded Objects now: 1958.
Total: 2.691500 ms (FindLiveObjects: 0.331500 ms CreateObjectMapping: 0.083400 ms MarkObjects: 1.946800 ms  DeleteObjects: 0.328000 ms)

========================================================================
Received Prepare
Refreshing native plugins compatible for Editor in 1.00 ms, found 0 plugins.
Preloading 0 native plugins for Editor in 0.00 ms.
Unloading 16 Unused Serialized files (Serialized files now loaded: 0)
System memory in use before: 45.3 MB.
System memory in use after: 44.7 MB.

Unloading 16 unused Assets to reduce memory usage. Loaded Objects now: 1958.
Total: 2.757700 ms (FindLiveObjects: 0.177900 ms CreateObjectMapping: 0.044900 ms MarkObjects: 2.202400 ms  DeleteObjects: 0.331200 ms)

AssetImportWorkerClient::OnTransportError - code=2 error=End of file
